2011/10/27 13:45:43 [error] [exception.CHttpException.403] exception 'CHttpException' with message 'You are not authorized to perform this action.' in /mnt/work/srv/dp2.ru/html/framework/web/auth/CAccessControlFilter.php:158
Stack trace:
#0 /mnt/work/srv/dp2.ru/html/framework/web/auth/CAccessControlFilter.php(120): CAccessControlFilter->accessDenied(Object(CWebUser), 'You are not aut...')
#1 /mnt/work/srv/dp2.ru/html/framework/web/filters/CFilter.php(39): CAccessControlFilter->preFilter(Object(CFilterChain))
#2 /mnt/work/srv/dp2.ru/html/framework/web/CController.php(1144): CFilter->filter(Object(CFilterChain))
#3 /mnt/work/srv/dp2.ru/html/framework/web/filters/CInlineFilter.php(59): CController->filterAccessControl(Object(CFilterChain))
#4 /mnt/work/srv/dp2.ru/html/framework/web/filters/CFilterChain.php(131): CInlineFilter->filter(Object(CFilterChain))
#5 /mnt/work/srv/dp2.ru/html/framework/web/CController.php(283): CFilterChain->run()
#6 /mnt/work/srv/dp2.ru/html/framework/web/CController.php(257): CController->runActionWithFilters(Object(CInlineAction), Array)
#7 /mnt/work/srv/dp2.ru/html/framework/web/CWebApplication.php(277): CController->run('admin')
#8 /mnt/work/srv/dp2.ru/html/framework/web/CWebApplication.php(136): CWebApplication->runController('comment/admin')
#9 /mnt/work/srv/dp2.ru/html/framework/base/CApplication.php(158): CWebApplication->processRequest()
#10 /mnt/work/srv/dp2.ru/html/demos/cblog/index.php(13): CApplication->run()
#11 {main} REQUEST_URI=/demos/cblog/index.php?r=comment/admin
2011/10/27 13:46:07 [error] [exception.CHttpException.403] exception 'CHttpException' with message 'You are not authorized to perform this action.' in /mnt/work/srv/dp2.ru/html/framework/web/auth/CAccessControlFilter.php:158
Stack trace:
#0 /mnt/work/srv/dp2.ru/html/framework/web/auth/CAccessControlFilter.php(120): CAccessControlFilter->accessDenied(Object(CWebUser), 'You are not aut...')
#1 /mnt/work/srv/dp2.ru/html/framework/web/filters/CFilter.php(39): CAccessControlFilter->preFilter(Object(CFilterChain))
#2 /mnt/work/srv/dp2.ru/html/framework/web/CController.php(1144): CFilter->filter(Object(CFilterChain))
#3 /mnt/work/srv/dp2.ru/html/framework/web/filters/CInlineFilter.php(59): CController->filterAccessControl(Object(CFilterChain))
#4 /mnt/work/srv/dp2.ru/html/framework/web/filters/CFilterChain.php(131): CInlineFilter->filter(Object(CFilterChain))
#5 /mnt/work/srv/dp2.ru/html/framework/web/CController.php(283): CFilterChain->run()
#6 /mnt/work/srv/dp2.ru/html/framework/web/CController.php(257): CController->runActionWithFilters(Object(CInlineAction), Array)
#7 /mnt/work/srv/dp2.ru/html/framework/web/CWebApplication.php(277): CController->run('admin')
#8 /mnt/work/srv/dp2.ru/html/framework/web/CWebApplication.php(136): CWebApplication->runController('comment/admin')
#9 /mnt/work/srv/dp2.ru/html/framework/base/CApplication.php(158): CWebApplication->processRequest()
#10 /mnt/work/srv/dp2.ru/html/demos/cblog/index.php(13): CApplication->run()
#11 {main} REQUEST_URI=/demos/cblog/index.php?r=comment/admin
2011/10/27 13:46:24 [error] [exception.CHttpException.403] exception 'CHttpException' with message 'You are not authorized to perform this action.' in /mnt/work/srv/dp2.ru/html/framework/web/auth/CAccessControlFilter.php:158
Stack trace:
#0 /mnt/work/srv/dp2.ru/html/framework/web/auth/CAccessControlFilter.php(120): CAccessControlFilter->accessDenied(Object(CWebUser), 'You are not aut...')
#1 /mnt/work/srv/dp2.ru/html/framework/web/filters/CFilter.php(39): CAccessControlFilter->preFilter(Object(CFilterChain))
#2 /mnt/work/srv/dp2.ru/html/framework/web/CController.php(1144): CFilter->filter(Object(CFilterChain))
#3 /mnt/work/srv/dp2.ru/html/framework/web/filters/CInlineFilter.php(59): CController->filterAccessControl(Object(CFilterChain))
#4 /mnt/work/srv/dp2.ru/html/framework/web/filters/CFilterChain.php(131): CInlineFilter->filter(Object(CFilterChain))
#5 /mnt/work/srv/dp2.ru/html/framework/web/CController.php(283): CFilterChain->run()
#6 /mnt/work/srv/dp2.ru/html/framework/web/CController.php(257): CController->runActionWithFilters(Object(CInlineAction), Array)
#7 /mnt/work/srv/dp2.ru/html/framework/web/CWebApplication.php(277): CController->run('admin')
#8 /mnt/work/srv/dp2.ru/html/framework/web/CWebApplication.php(136): CWebApplication->runController('post/admin')
#9 /mnt/work/srv/dp2.ru/html/framework/base/CApplication.php(158): CWebApplication->processRequest()
#10 /mnt/work/srv/dp2.ru/html/demos/cblog/index.php(13): CApplication->run()
#11 {main} REQUEST_URI=/demos/cblog/index.php?r=post/admin
2011/10/27 13:52:53 [error] [exception.CHttpException.403] exception 'CHttpException' with message 'You are not authorized to perform this action.' in /mnt/work/srv/dp2.ru/html/framework/web/auth/CAccessControlFilter.php:158
Stack trace:
#0 /mnt/work/srv/dp2.ru/html/framework/web/auth/CAccessControlFilter.php(120): CAccessControlFilter->accessDenied(Object(CWebUser), 'You are not aut...')
#1 /mnt/work/srv/dp2.ru/html/framework/web/filters/CFilter.php(39): CAccessControlFilter->preFilter(Object(CFilterChain))
#2 /mnt/work/srv/dp2.ru/html/framework/web/CController.php(1144): CFilter->filter(Object(CFilterChain))
#3 /mnt/work/srv/dp2.ru/html/framework/web/filters/CInlineFilter.php(59): CController->filterAccessControl(Object(CFilterChain))
#4 /mnt/work/srv/dp2.ru/html/framework/web/filters/CFilterChain.php(131): CInlineFilter->filter(Object(CFilterChain))
#5 /mnt/work/srv/dp2.ru/html/framework/web/CController.php(283): CFilterChain->run()
#6 /mnt/work/srv/dp2.ru/html/framework/web/CController.php(257): CController->runActionWithFilters(Object(CInlineAction), Array)
#7 /mnt/work/srv/dp2.ru/html/framework/web/CWebApplication.php(277): CController->run('admin')
#8 /mnt/work/srv/dp2.ru/html/framework/web/CWebApplication.php(136): CWebApplication->runController('comment/admin')
#9 /mnt/work/srv/dp2.ru/html/framework/base/CApplication.php(158): CWebApplication->processRequest()
#10 /mnt/work/srv/dp2.ru/html/demos/cblog/index.php(13): CApplication->run()
#11 {main} REQUEST_URI=/demos/cblog/index.php?r=comment/admin
2011/10/27 13:52:57 [error] [exception.CHttpException.403] exception 'CHttpException' with message 'You are not authorized to perform this action.' in /mnt/work/srv/dp2.ru/html/framework/web/auth/CAccessControlFilter.php:158
Stack trace:
#0 /mnt/work/srv/dp2.ru/html/framework/web/auth/CAccessControlFilter.php(120): CAccessControlFilter->accessDenied(Object(CWebUser), 'You are not aut...')
#1 /mnt/work/srv/dp2.ru/html/framework/web/filters/CFilter.php(39): CAccessControlFilter->preFilter(Object(CFilterChain))
#2 /mnt/work/srv/dp2.ru/html/framework/web/CController.php(1144): CFilter->filter(Object(CFilterChain))
#3 /mnt/work/srv/dp2.ru/html/framework/web/filters/CInlineFilter.php(59): CController->filterAccessControl(Object(CFilterChain))
#4 /mnt/work/srv/dp2.ru/html/framework/web/filters/CFilterChain.php(131): CInlineFilter->filter(Object(CFilterChain))
#5 /mnt/work/srv/dp2.ru/html/framework/web/CController.php(283): CFilterChain->run()
#6 /mnt/work/srv/dp2.ru/html/framework/web/CController.php(257): CController->runActionWithFilters(Object(CInlineAction), Array)
#7 /mnt/work/srv/dp2.ru/html/framework/web/CWebApplication.php(277): CController->run('admin')
#8 /mnt/work/srv/dp2.ru/html/framework/web/CWebApplication.php(136): CWebApplication->runController('comment/admin')
#9 /mnt/work/srv/dp2.ru/html/framework/base/CApplication.php(158): CWebApplication->processRequest()
#10 /mnt/work/srv/dp2.ru/html/demos/cblog/index.php(13): CApplication->run()
#11 {main} REQUEST_URI=/demos/cblog/index.php?r=comment/admin
2011/10/27 13:52:58 [error] [exception.CHttpException.403] exception 'CHttpException' with message 'You are not authorized to perform this action.' in /mnt/work/srv/dp2.ru/html/framework/web/auth/CAccessControlFilter.php:158
Stack trace:
#0 /mnt/work/srv/dp2.ru/html/framework/web/auth/CAccessControlFilter.php(120): CAccessControlFilter->accessDenied(Object(CWebUser), 'You are not aut...')
#1 /mnt/work/srv/dp2.ru/html/framework/web/filters/CFilter.php(39): CAccessControlFilter->preFilter(Object(CFilterChain))
#2 /mnt/work/srv/dp2.ru/html/framework/web/CController.php(1144): CFilter->filter(Object(CFilterChain))
#3 /mnt/work/srv/dp2.ru/html/framework/web/filters/CInlineFilter.php(59): CController->filterAccessControl(Object(CFilterChain))
#4 /mnt/work/srv/dp2.ru/html/framework/web/filters/CFilterChain.php(131): CInlineFilter->filter(Object(CFilterChain))
#5 /mnt/work/srv/dp2.ru/html/framework/web/CController.php(283): CFilterChain->run()
#6 /mnt/work/srv/dp2.ru/html/framework/web/CController.php(257): CController->runActionWithFilters(Object(CInlineAction), Array)
#7 /mnt/work/srv/dp2.ru/html/framework/web/CWebApplication.php(277): CController->run('admin')
#8 /mnt/work/srv/dp2.ru/html/framework/web/CWebApplication.php(136): CWebApplication->runController('comment/admin')
#9 /mnt/work/srv/dp2.ru/html/framework/base/CApplication.php(158): CWebApplication->processRequest()
#10 /mnt/work/srv/dp2.ru/html/demos/cblog/index.php(13): CApplication->run()
#11 {main} REQUEST_URI=/demos/cblog/index.php?r=comment/admin
2011/10/27 13:52:59 [error] [exception.CHttpException.403] exception 'CHttpException' with message 'You are not authorized to perform this action.' in /mnt/work/srv/dp2.ru/html/framework/web/auth/CAccessControlFilter.php:158
Stack trace:
#0 /mnt/work/srv/dp2.ru/html/framework/web/auth/CAccessControlFilter.php(120): CAccessControlFilter->accessDenied(Object(CWebUser), 'You are not aut...')
#1 /mnt/work/srv/dp2.ru/html/framework/web/filters/CFilter.php(39): CAccessControlFilter->preFilter(Object(CFilterChain))
#2 /mnt/work/srv/dp2.ru/html/framework/web/CController.php(1144): CFilter->filter(Object(CFilterChain))
#3 /mnt/work/srv/dp2.ru/html/framework/web/filters/CInlineFilter.php(59): CController->filterAccessControl(Object(CFilterChain))
#4 /mnt/work/srv/dp2.ru/html/framework/web/filters/CFilterChain.php(131): CInlineFilter->filter(Object(CFilterChain))
#5 /mnt/work/srv/dp2.ru/html/framework/web/CController.php(283): CFilterChain->run()
#6 /mnt/work/srv/dp2.ru/html/framework/web/CController.php(257): CController->runActionWithFilters(Object(CInlineAction), Array)
#7 /mnt/work/srv/dp2.ru/html/framework/web/CWebApplication.php(277): CController->run('admin')
#8 /mnt/work/srv/dp2.ru/html/framework/web/CWebApplication.php(136): CWebApplication->runController('comment/admin')
#9 /mnt/work/srv/dp2.ru/html/framework/base/CApplication.php(158): CWebApplication->processRequest()
#10 /mnt/work/srv/dp2.ru/html/demos/cblog/index.php(13): CApplication->run()
#11 {main} REQUEST_URI=/demos/cblog/index.php?r=comment/admin
2011/10/27 13:53:00 [error] [exception.CHttpException.403] exception 'CHttpException' with message 'You are not authorized to perform this action.' in /mnt/work/srv/dp2.ru/html/framework/web/auth/CAccessControlFilter.php:158
Stack trace:
#0 /mnt/work/srv/dp2.ru/html/framework/web/auth/CAccessControlFilter.php(120): CAccessControlFilter->accessDenied(Object(CWebUser), 'You are not aut...')
#1 /mnt/work/srv/dp2.ru/html/framework/web/filters/CFilter.php(39): CAccessControlFilter->preFilter(Object(CFilterChain))
#2 /mnt/work/srv/dp2.ru/html/framework/web/CController.php(1144): CFilter->filter(Object(CFilterChain))
#3 /mnt/work/srv/dp2.ru/html/framework/web/filters/CInlineFilter.php(59): CController->filterAccessControl(Object(CFilterChain))
#4 /mnt/work/srv/dp2.ru/html/framework/web/filters/CFilterChain.php(131): CInlineFilter->filter(Object(CFilterChain))
#5 /mnt/work/srv/dp2.ru/html/framework/web/CController.php(283): CFilterChain->run()
#6 /mnt/work/srv/dp2.ru/html/framework/web/CController.php(257): CController->runActionWithFilters(Object(CInlineAction), Array)
#7 /mnt/work/srv/dp2.ru/html/framework/web/CWebApplication.php(277): CController->run('admin')
#8 /mnt/work/srv/dp2.ru/html/framework/web/CWebApplication.php(136): CWebApplication->runController('comment/admin')
#9 /mnt/work/srv/dp2.ru/html/framework/base/CApplication.php(158): CWebApplication->processRequest()
#10 /mnt/work/srv/dp2.ru/html/demos/cblog/index.php(13): CApplication->run()
#11 {main} REQUEST_URI=/demos/cblog/index.php?r=comment/admin
2011/10/27 13:53:08 [error] [exception.CHttpException.403] exception 'CHttpException' with message 'You are not authorized to perform this action.' in /mnt/work/srv/dp2.ru/html/framework/web/auth/CAccessControlFilter.php:158
Stack trace:
#0 /mnt/work/srv/dp2.ru/html/framework/web/auth/CAccessControlFilter.php(120): CAccessControlFilter->accessDenied(Object(CWebUser), 'You are not aut...')
#1 /mnt/work/srv/dp2.ru/html/framework/web/filters/CFilter.php(39): CAccessControlFilter->preFilter(Object(CFilterChain))
#2 /mnt/work/srv/dp2.ru/html/framework/web/CController.php(1144): CFilter->filter(Object(CFilterChain))
#3 /mnt/work/srv/dp2.ru/html/framework/web/filters/CInlineFilter.php(59): CController->filterAccessControl(Object(CFilterChain))
#4 /mnt/work/srv/dp2.ru/html/framework/web/filters/CFilterChain.php(131): CInlineFilter->filter(Object(CFilterChain))
#5 /mnt/work/srv/dp2.ru/html/framework/web/CController.php(283): CFilterChain->run()
#6 /mnt/work/srv/dp2.ru/html/framework/web/CController.php(257): CController->runActionWithFilters(Object(CInlineAction), Array)
#7 /mnt/work/srv/dp2.ru/html/framework/web/CWebApplication.php(277): CController->run('admin')
#8 /mnt/work/srv/dp2.ru/html/framework/web/CWebApplication.php(136): CWebApplication->runController('post/admin')
#9 /mnt/work/srv/dp2.ru/html/framework/base/CApplication.php(158): CWebApplication->processRequest()
#10 /mnt/work/srv/dp2.ru/html/demos/cblog/index.php(13): CApplication->run()
#11 {main} REQUEST_URI=/demos/cblog/index.php?r=post/admin
2011/10/27 13:53:10 [error] [exception.CHttpException.403] exception 'CHttpException' with message 'You are not authorized to perform this action.' in /mnt/work/srv/dp2.ru/html/framework/web/auth/CAccessControlFilter.php:158
Stack trace:
#0 /mnt/work/srv/dp2.ru/html/framework/web/auth/CAccessControlFilter.php(120): CAccessControlFilter->accessDenied(Object(CWebUser), 'You are not aut...')
#1 /mnt/work/srv/dp2.ru/html/framework/web/filters/CFilter.php(39): CAccessControlFilter->preFilter(Object(CFilterChain))
#2 /mnt/work/srv/dp2.ru/html/framework/web/CController.php(1144): CFilter->filter(Object(CFilterChain))
#3 /mnt/work/srv/dp2.ru/html/framework/web/filters/CInlineFilter.php(59): CController->filterAccessControl(Object(CFilterChain))
#4 /mnt/work/srv/dp2.ru/html/framework/web/filters/CFilterChain.php(131): CInlineFilter->filter(Object(CFilterChain))
#5 /mnt/work/srv/dp2.ru/html/framework/web/CController.php(283): CFilterChain->run()
#6 /mnt/work/srv/dp2.ru/html/framework/web/CController.php(257): CController->runActionWithFilters(Object(CInlineAction), Array)
#7 /mnt/work/srv/dp2.ru/html/framework/web/CWebApplication.php(277): CController->run('admin')
#8 /mnt/work/srv/dp2.ru/html/framework/web/CWebApplication.php(136): CWebApplication->runController('post/admin')
#9 /mnt/work/srv/dp2.ru/html/framework/base/CApplication.php(158): CWebApplication->processRequest()
#10 /mnt/work/srv/dp2.ru/html/demos/cblog/index.php(13): CApplication->run()
#11 {main} REQUEST_URI=/demos/cblog/index.php?r=post/admin
2011/10/27 13:53:11 [error] [exception.CHttpException.403] exception 'CHttpException' with message 'You are not authorized to perform this action.' in /mnt/work/srv/dp2.ru/html/framework/web/auth/CAccessControlFilter.php:158
Stack trace:
#0 /mnt/work/srv/dp2.ru/html/framework/web/auth/CAccessControlFilter.php(120): CAccessControlFilter->accessDenied(Object(CWebUser), 'You are not aut...')
#1 /mnt/work/srv/dp2.ru/html/framework/web/filters/CFilter.php(39): CAccessControlFilter->preFilter(Object(CFilterChain))
#2 /mnt/work/srv/dp2.ru/html/framework/web/CController.php(1144): CFilter->filter(Object(CFilterChain))
#3 /mnt/work/srv/dp2.ru/html/framework/web/filters/CInlineFilter.php(59): CController->filterAccessControl(Object(CFilterChain))
#4 /mnt/work/srv/dp2.ru/html/framework/web/filters/CFilterChain.php(131): CInlineFilter->filter(Object(CFilterChain))
#5 /mnt/work/srv/dp2.ru/html/framework/web/CController.php(283): CFilterChain->run()
#6 /mnt/work/srv/dp2.ru/html/framework/web/CController.php(257): CController->runActionWithFilters(Object(CInlineAction), Array)
#7 /mnt/work/srv/dp2.ru/html/framework/web/CWebApplication.php(277): CController->run('admin')
#8 /mnt/work/srv/dp2.ru/html/framework/web/CWebApplication.php(136): CWebApplication->runController('post/admin')
#9 /mnt/work/srv/dp2.ru/html/framework/base/CApplication.php(158): CWebApplication->processRequest()
#10 /mnt/work/srv/dp2.ru/html/demos/cblog/index.php(13): CApplication->run()
#11 {main} REQUEST_URI=/demos/cblog/index.php?r=post/admin
2011/10/27 17:00:42 [error] [exception.CDbException] exception 'CDbException' with message 'Relation "commentCount, author" is not defined in active record class "Post".' in /mnt/work/srv/dp2.ru/html/framework/db/ar/CActiveFinder.php:217
Stack trace:
#0 /mnt/work/srv/dp2.ru/html/framework/db/ar/CActiveFinder.php(51): CActiveFinder->buildJoinTree(Object(CJoinElement), 'commentCount, a...')
#1 /mnt/work/srv/dp2.ru/html/framework/db/ar/CActiveRecord.php(1543): CActiveFinder->__construct(Object(Post), 'commentCount, a...')
#2 /mnt/work/srv/dp2.ru/html/framework/web/CActiveDataProvider.php(176): CActiveRecord->count(Object(CDbCriteria))
#3 /mnt/work/srv/dp2.ru/html/framework/web/CDataProvider.php(184): CActiveDataProvider->calculateTotalItemCount()
#4 /mnt/work/srv/dp2.ru/html/framework/web/CActiveDataProvider.php(126): CDataProvider->getTotalItemCount()
#5 /mnt/work/srv/dp2.ru/html/framework/web/CDataProvider.php(128): CActiveDataProvider->fetchData()
#6 /mnt/work/srv/dp2.ru/html/framework/zii/widgets/CBaseListView.php(105): CDataProvider->getData()
#7 /mnt/work/srv/dp2.ru/html/framework/zii/widgets/CListView.php(173): CBaseListView->init()
#8 /mnt/work/srv/dp2.ru/html/framework/web/CBaseController.php(140): CListView->init()
#9 /mnt/work/srv/dp2.ru/html/framework/web/CBaseController.php(165): CBaseController->createWidget('zii.widgets.CLi...', Array)
#10 /mnt/work/srv/dp2.ru/html/demos/cblog/protected/views/post/index.php(20): CBaseController->widget('zii.widgets.CLi...', Array)
#11 /mnt/work/srv/dp2.ru/html/framework/web/CBaseController.php(119): require('/mnt/work/srv/d...')
#12 /mnt/work/srv/dp2.ru/html/framework/web/CBaseController.php(88): CBaseController->renderInternal('/mnt/work/srv/d...', Array, true)
#13 /mnt/work/srv/dp2.ru/html/framework/web/CController.php(866): CBaseController->renderFile('/mnt/work/srv/d...', Array, true)
#14 /mnt/work/srv/dp2.ru/html/framework/web/CController.php(779): CController->renderPartial('index', Array, true)
#15 /mnt/work/srv/dp2.ru/html/demos/cblog/protected/controllers/PostController.php(132): CController->render('index', Array)
#16 /mnt/work/srv/dp2.ru/html/framework/web/actions/CInlineAction.php(50): PostController->actionIndex()
#17 /mnt/work/srv/dp2.ru/html/framework/web/CController.php(300): CInlineAction->runWithParams(Array)
#18 /mnt/work/srv/dp2.ru/html/framework/web/filters/CFilterChain.php(134): CController->runAction(Object(CInlineAction))
#19 /mnt/work/srv/dp2.ru/html/framework/web/filters/CFilter.php(41): CFilterChain->run()
#20 /mnt/work/srv/dp2.ru/html/framework/web/CController.php(1144): CFilter->filter(Object(CFilterChain))
#21 /mnt/work/srv/dp2.ru/html/framework/web/filters/CInlineFilter.php(59): CController->filterAccessControl(Object(CFilterChain))
#22 /mnt/work/srv/dp2.ru/html/framework/web/filters/CFilterChain.php(131): CInlineFilter->filter(Object(CFilterChain))
#23 /mnt/work/srv/dp2.ru/html/framework/web/CController.php(283): CFilterChain->run()
#24 /mnt/work/srv/dp2.ru/html/framework/web/CController.php(257): CController->runActionWithFilters(Object(CInlineAction), Array)
#25 /mnt/work/srv/dp2.ru/html/framework/web/CWebApplication.php(277): CController->run('index')
#26 /mnt/work/srv/dp2.ru/html/framework/web/CWebApplication.php(136): CWebApplication->runController('post/index')
#27 /mnt/work/srv/dp2.ru/html/framework/base/CApplication.php(158): CWebApplication->processRequest()
#28 /mnt/work/srv/dp2.ru/html/demos/cblog/index.php(13): CApplication->run()
#29 {main} REQUEST_URI=/demos/cblog/index.php?r=post/index
2011/10/27 17:38:40 [error] [php] Only variables should be passed by reference (/mnt/work/srv/dp2.ru/html/demos/cblog/protected/views/layouts/main.php:50)
Stack trace:
#0 /mnt/work/srv/dp2.ru/html/framework/web/widgets/CContentDecorator.php(78): PostController->renderFile()
#1 /mnt/work/srv/dp2.ru/html/framework/web/widgets/CContentDecorator.php(56): CContentDecorator->decorate()
#2 /mnt/work/srv/dp2.ru/html/framework/web/widgets/COutputProcessor.php(45): CContentDecorator->processOutput()
#3 /mnt/work/srv/dp2.ru/html/framework/web/CBaseController.php(199): CContentDecorator->run()
#4 /mnt/work/srv/dp2.ru/html/framework/web/CBaseController.php(294): PostController->endWidget()
#5 /mnt/work/srv/dp2.ru/html/demos/cblog/protected/views/layouts/column2.php(23): PostController->endContent()
#6 /mnt/work/srv/dp2.ru/html/framework/web/CBaseController.php(119): require()
#7 /mnt/work/srv/dp2.ru/html/framework/web/CBaseController.php(88): PostController->renderInternal()
#8 /mnt/work/srv/dp2.ru/html/framework/web/CController.php(781): PostController->renderFile()
#9 /mnt/work/srv/dp2.ru/html/demos/cblog/protected/controllers/PostController.php(132): PostController->render()
#10 /mnt/work/srv/dp2.ru/html/framework/web/actions/CInlineAction.php(50): PostController->actionIndex()
#11 /mnt/work/srv/dp2.ru/html/framework/web/CController.php(300): CInlineAction->runWithParams()
#12 /mnt/work/srv/dp2.ru/html/framework/web/filters/CFilterChain.php(134): PostController->runAction()
#13 /mnt/work/srv/dp2.ru/html/framework/web/filters/CFilter.php(41): CFilterChain->run()
#14 /mnt/work/srv/dp2.ru/html/framework/web/CController.php(1144): CAccessControlFilter->filter()
#15 /mnt/work/srv/dp2.ru/html/framework/web/filters/CInlineFilter.php(59): PostController->filterAccessControl()
#16 /mnt/work/srv/dp2.ru/html/framework/web/filters/CFilterChain.php(131): CInlineFilter->filter()
#17 /mnt/work/srv/dp2.ru/html/framework/web/CController.php(283): CFilterChain->run()
#18 /mnt/work/srv/dp2.ru/html/framework/web/CController.php(257): PostController->runActionWithFilters()
#19 /mnt/work/srv/dp2.ru/html/framework/web/CWebApplication.php(277): PostController->run()
#20 /mnt/work/srv/dp2.ru/html/framework/web/CWebApplication.php(136): CWebApplication->runController()
#21 /mnt/work/srv/dp2.ru/html/framework/base/CApplication.php(158): CWebApplication->processRequest()
#22 /mnt/work/srv/dp2.ru/html/demos/cblog/index.php(16): CWebApplication->run()
REQUEST_URI=/demos/cblog/index.php?r=post/index
in /mnt/work/srv/dp2.ru/html/demos/cblog/protected/views/layouts/main.php (50)
in /mnt/work/srv/dp2.ru/html/demos/cblog/protected/views/layouts/column2.php (23)
in /mnt/work/srv/dp2.ru/html/demos/cblog/protected/controllers/PostController.php (132)
2011/10/27 17:40:19 [error] [php] Only variables should be passed by reference (/mnt/work/srv/dp2.ru/html/demos/cblog/protected/views/layouts/main.php:50)
Stack trace:
#0 /mnt/work/srv/dp2.ru/html/framework/web/widgets/CContentDecorator.php(78): PostController->renderFile()
#1 /mnt/work/srv/dp2.ru/html/framework/web/widgets/CContentDecorator.php(56): CContentDecorator->decorate()
#2 /mnt/work/srv/dp2.ru/html/framework/web/widgets/COutputProcessor.php(45): CContentDecorator->processOutput()
#3 /mnt/work/srv/dp2.ru/html/framework/web/CBaseController.php(199): CContentDecorator->run()
#4 /mnt/work/srv/dp2.ru/html/framework/web/CBaseController.php(294): PostController->endWidget()
#5 /mnt/work/srv/dp2.ru/html/demos/cblog/protected/views/layouts/column2.php(23): PostController->endContent()
#6 /mnt/work/srv/dp2.ru/html/framework/web/CBaseController.php(119): require()
#7 /mnt/work/srv/dp2.ru/html/framework/web/CBaseController.php(88): PostController->renderInternal()
#8 /mnt/work/srv/dp2.ru/html/framework/web/CController.php(781): PostController->renderFile()
#9 /mnt/work/srv/dp2.ru/html/demos/cblog/protected/controllers/PostController.php(132): PostController->render()
#10 /mnt/work/srv/dp2.ru/html/framework/web/actions/CInlineAction.php(50): PostController->actionIndex()
#11 /mnt/work/srv/dp2.ru/html/framework/web/CController.php(300): CInlineAction->runWithParams()
#12 /mnt/work/srv/dp2.ru/html/framework/web/filters/CFilterChain.php(134): PostController->runAction()
#13 /mnt/work/srv/dp2.ru/html/framework/web/filters/CFilter.php(41): CFilterChain->run()
#14 /mnt/work/srv/dp2.ru/html/framework/web/CController.php(1144): CAccessControlFilter->filter()
#15 /mnt/work/srv/dp2.ru/html/framework/web/filters/CInlineFilter.php(59): PostController->filterAccessControl()
#16 /mnt/work/srv/dp2.ru/html/framework/web/filters/CFilterChain.php(131): CInlineFilter->filter()
#17 /mnt/work/srv/dp2.ru/html/framework/web/CController.php(283): CFilterChain->run()
#18 /mnt/work/srv/dp2.ru/html/framework/web/CController.php(257): PostController->runActionWithFilters()
#19 /mnt/work/srv/dp2.ru/html/framework/web/CWebApplication.php(277): PostController->run()
#20 /mnt/work/srv/dp2.ru/html/framework/web/CWebApplication.php(136): CWebApplication->runController()
#21 /mnt/work/srv/dp2.ru/html/framework/base/CApplication.php(158): CWebApplication->processRequest()
#22 /mnt/work/srv/dp2.ru/html/demos/cblog/index.php(16): CWebApplication->run()
REQUEST_URI=/demos/cblog/index.php?r=post/index
in /mnt/work/srv/dp2.ru/html/demos/cblog/protected/views/layouts/main.php (50)
in /mnt/work/srv/dp2.ru/html/demos/cblog/protected/views/layouts/column2.php (23)
in /mnt/work/srv/dp2.ru/html/demos/cblog/protected/controllers/PostController.php (132)
2011/11/05 14:18:10 [error] [exception.CDbException] exception 'CDbException' with message 'CDbConnection failed to open the DB connection: could not find driver' in /home/srv/dp2.ru/html/framework/db/CDbConnection.php:364
Stack trace:
#0 /home/srv/dp2.ru/html/framework/db/CDbConnection.php(313): CDbConnection->open()
#1 /home/srv/dp2.ru/html/framework/caching/CDbCache.php(75): CDbConnection->setActive(true)
#2 /home/srv/dp2.ru/html/framework/base/CModule.php(372): CDbCache->init()
#3 /home/srv/dp2.ru/html/framework/db/schema/CDbSchema.php(82): CModule->getComponent('cache')
#4 /home/srv/dp2.ru/html/framework/db/ar/CActiveRecord.php(2275): CDbSchema->getTable('{{post}}')
#5 /home/srv/dp2.ru/html/framework/db/ar/CActiveRecord.php(372): CActiveRecordMetaData->__construct(Object(Post))
#6 /home/srv/dp2.ru/html/framework/web/CActiveDataProvider.php(72): CActiveRecord::model('Post')
#7 /home/srv/dp2.ru/html/demos/cblog/protected/controllers/PostController.php(128): CActiveDataProvider->__construct('Post', Array)
#8 /home/srv/dp2.ru/html/framework/web/actions/CInlineAction.php(50): PostController->actionIndex()
#9 /home/srv/dp2.ru/html/framework/web/CController.php(300): CInlineAction->runWithParams(Array)
#10 /home/srv/dp2.ru/html/framework/web/filters/CFilterChain.php(134): CController->runAction(Object(CInlineAction))
#11 /home/srv/dp2.ru/html/framework/web/filters/CFilter.php(41): CFilterChain->run()
#12 /home/srv/dp2.ru/html/framework/web/CController.php(1144): CFilter->filter(Object(CFilterChain))
#13 /home/srv/dp2.ru/html/framework/web/filters/CInlineFilter.php(59): CController->filterAccessControl(Object(CFilterChain))
#14 /home/srv/dp2.ru/html/framework/web/filters/CFilterChain.php(131): CInlineFilter->filter(Object(CFilterChain))
#15 /home/srv/dp2.ru/html/framework/web/CController.php(283): CFilterChain->run()
#16 /home/srv/dp2.ru/html/framework/web/CController.php(257): CController->runActionWithFilters(Object(CInlineAction), Array)
#17 /home/srv/dp2.ru/html/framework/web/CWebApplication.php(277): CController->run('index')
#18 /home/srv/dp2.ru/html/framework/web/CWebApplication.php(136): CWebApplication->runController('post/index')
#19 /home/srv/dp2.ru/html/framework/base/CApplication.php(158): CWebApplication->processRequest()
#20 /home/srv/dp2.ru/html/demos/cblog/index.php(16): CApplication->run()
#21 {main} REQUEST_URI=/demos/cblog/index.php?r=post/index
2011/11/05 14:19:59 [error] [exception.CDbException] exception 'CDbException' with message 'CDbConnection failed to open the DB connection: could not find driver' in /home/srv/dp2.ru/html/framework/db/CDbConnection.php:364
Stack trace:
#0 /home/srv/dp2.ru/html/framework/db/CDbConnection.php(313): CDbConnection->open()
#1 /home/srv/dp2.ru/html/framework/caching/CDbCache.php(75): CDbConnection->setActive(true)
#2 /home/srv/dp2.ru/html/framework/base/CModule.php(372): CDbCache->init()
#3 /home/srv/dp2.ru/html/framework/db/schema/CDbSchema.php(82): CModule->getComponent('cache')
#4 /home/srv/dp2.ru/html/framework/db/ar/CActiveRecord.php(2275): CDbSchema->getTable('{{post}}')
#5 /home/srv/dp2.ru/html/framework/db/ar/CActiveRecord.php(372): CActiveRecordMetaData->__construct(Object(Post))
#6 /home/srv/dp2.ru/html/framework/web/CActiveDataProvider.php(72): CActiveRecord::model('Post')
#7 /home/srv/dp2.ru/html/demos/cblog/protected/controllers/PostController.php(128): CActiveDataProvider->__construct('Post', Array)
#8 /home/srv/dp2.ru/html/framework/web/actions/CInlineAction.php(50): PostController->actionIndex()
#9 /home/srv/dp2.ru/html/framework/web/CController.php(300): CInlineAction->runWithParams(Array)
#10 /home/srv/dp2.ru/html/framework/web/filters/CFilterChain.php(134): CController->runAction(Object(CInlineAction))
#11 /home/srv/dp2.ru/html/framework/web/filters/CFilter.php(41): CFilterChain->run()
#12 /home/srv/dp2.ru/html/framework/web/CController.php(1144): CFilter->filter(Object(CFilterChain))
#13 /home/srv/dp2.ru/html/framework/web/filters/CInlineFilter.php(59): CController->filterAccessControl(Object(CFilterChain))
#14 /home/srv/dp2.ru/html/framework/web/filters/CFilterChain.php(131): CInlineFilter->filter(Object(CFilterChain))
#15 /home/srv/dp2.ru/html/framework/web/CController.php(283): CFilterChain->run()
#16 /home/srv/dp2.ru/html/framework/web/CController.php(257): CController->runActionWithFilters(Object(CInlineAction), Array)
#17 /home/srv/dp2.ru/html/framework/web/CWebApplication.php(277): CController->run('index')
#18 /home/srv/dp2.ru/html/framework/web/CWebApplication.php(136): CWebApplication->runController('post/index')
#19 /home/srv/dp2.ru/html/framework/base/CApplication.php(158): CWebApplication->processRequest()
#20 /home/srv/dp2.ru/html/demos/cblog/index.php(16): CApplication->run()
#21 {main} REQUEST_URI=/demos/cblog/index.php?r=post/index
2011/11/05 14:20:02 [error] [exception.CDbException] exception 'CDbException' with message 'CDbConnection failed to open the DB connection: could not find driver' in /home/srv/dp2.ru/html/framework/db/CDbConnection.php:364
Stack trace:
#0 /home/srv/dp2.ru/html/framework/db/CDbConnection.php(313): CDbConnection->open()
#1 /home/srv/dp2.ru/html/framework/caching/CDbCache.php(75): CDbConnection->setActive(true)
#2 /home/srv/dp2.ru/html/framework/base/CModule.php(372): CDbCache->init()
#3 /home/srv/dp2.ru/html/framework/db/schema/CDbSchema.php(82): CModule->getComponent('cache')
#4 /home/srv/dp2.ru/html/framework/db/ar/CActiveRecord.php(2275): CDbSchema->getTable('{{post}}')
#5 /home/srv/dp2.ru/html/framework/db/ar/CActiveRecord.php(372): CActiveRecordMetaData->__construct(Object(Post))
#6 /home/srv/dp2.ru/html/framework/web/CActiveDataProvider.php(72): CActiveRecord::model('Post')
#7 /home/srv/dp2.ru/html/demos/cblog/protected/controllers/PostController.php(128): CActiveDataProvider->__construct('Post', Array)
#8 /home/srv/dp2.ru/html/framework/web/actions/CInlineAction.php(50): PostController->actionIndex()
#9 /home/srv/dp2.ru/html/framework/web/CController.php(300): CInlineAction->runWithParams(Array)
#10 /home/srv/dp2.ru/html/framework/web/filters/CFilterChain.php(134): CController->runAction(Object(CInlineAction))
#11 /home/srv/dp2.ru/html/framework/web/filters/CFilter.php(41): CFilterChain->run()
#12 /home/srv/dp2.ru/html/framework/web/CController.php(1144): CFilter->filter(Object(CFilterChain))
#13 /home/srv/dp2.ru/html/framework/web/filters/CInlineFilter.php(59): CController->filterAccessControl(Object(CFilterChain))
#14 /home/srv/dp2.ru/html/framework/web/filters/CFilterChain.php(131): CInlineFilter->filter(Object(CFilterChain))
#15 /home/srv/dp2.ru/html/framework/web/CController.php(283): CFilterChain->run()
#16 /home/srv/dp2.ru/html/framework/web/CController.php(257): CController->runActionWithFilters(Object(CInlineAction), Array)
#17 /home/srv/dp2.ru/html/framework/web/CWebApplication.php(277): CController->run('index')
#18 /home/srv/dp2.ru/html/framework/web/CWebApplication.php(136): CWebApplication->runController('post/index')
#19 /home/srv/dp2.ru/html/framework/base/CApplication.php(158): CWebApplication->processRequest()
#20 /home/srv/dp2.ru/html/demos/cblog/index.php(16): CApplication->run()
#21 {main} REQUEST_URI=/demos/cblog/index.php?r=post/index
2011/11/05 19:13:12 [error] [exception.CHttpException.404] exception 'CHttpException' with message 'The system is unable to find the requested action "inde".' in /home/srv/dp2.ru/html/framework/web/CController.php:477
Stack trace:
#0 /home/srv/dp2.ru/html/framework/web/CController.php(262): CController->missingAction('inde')
#1 /home/srv/dp2.ru/html/framework/web/CWebApplication.php(277): CController->run('inde')
#2 /home/srv/dp2.ru/html/framework/web/CWebApplication.php(136): CWebApplication->runController('post/inde')
#3 /home/srv/dp2.ru/html/framework/base/CApplication.php(158): CWebApplication->processRequest()
#4 /home/srv/dp2.ru/html/demos/cblog/index.php(16): CApplication->run()
#5 {main} REQUEST_URI=/demos/cblog/index.php?r=post/inde
2011/11/05 19:13:12 [error] [exception.CHttpException.404] exception 'CHttpException' with message 'The system is unable to find the requested action "ind".' in /home/srv/dp2.ru/html/framework/web/CController.php:477
Stack trace:
#0 /home/srv/dp2.ru/html/framework/web/CController.php(262): CController->missingAction('ind')
#1 /home/srv/dp2.ru/html/framework/web/CWebApplication.php(277): CController->run('ind')
#2 /home/srv/dp2.ru/html/framework/web/CWebApplication.php(136): CWebApplication->runController('post/ind')
#3 /home/srv/dp2.ru/html/framework/base/CApplication.php(158): CWebApplication->processRequest()
#4 /home/srv/dp2.ru/html/demos/cblog/index.php(16): CApplication->run()
#5 {main} REQUEST_URI=/demos/cblog/index.php?r=post/ind
