2011/10/23 14:17:31 [error] [exception.CDbException] could not find driver
2011/10/23 14:17:31 [error] [exception.CDbException] exception 'CDbException' with message 'CDbConnection failed to open the DB connection.' in /home/srv/dp2.ru/html/framework/db/CDbConnection.php:370
Stack trace:
#0 /home/srv/dp2.ru/html/framework/db/CDbConnection.php(313): CDbConnection->open()
#1 /home/srv/dp2.ru/html/framework/db/CDbConnection.php(291): CDbConnection->setActive(true)
#2 /home/srv/dp2.ru/html/framework/base/CModule.php(372): CDbConnection->init()
#3 /home/srv/dp2.ru/html/framework/base/CApplication.php(429): CModule->getComponent('db')
#4 /home/srv/dp2.ru/html/framework/db/ar/CActiveRecord.php(609): CApplication->getDb()
#5 /home/srv/dp2.ru/html/framework/db/ar/CActiveRecord.php(2275): CActiveRecord->getDbConnection()
#6 /home/srv/dp2.ru/html/framework/db/ar/CActiveRecord.php(372): CActiveRecordMetaData->__construct(Object(Post))
#7 /home/srv/dp2.ru/html/framework/web/CActiveDataProvider.php(72): CActiveRecord::model('Post')
#8 /home/srv/dp2.ru/html/demos/blog/protected/controllers/PostController.php(132): CActiveDataProvider->__construct('Post', Array)
#9 /home/srv/dp2.ru/html/framework/web/actions/CInlineAction.php(50): PostController->actionIndex()
#10 /home/srv/dp2.ru/html/framework/web/CController.php(300): CInlineAction->runWithParams(Array)
#11 /home/srv/dp2.ru/html/framework/web/filters/CFilterChain.php(134): CController->runAction(Object(CInlineAction))
#12 /home/srv/dp2.ru/html/framework/web/filters/CFilter.php(41): CFilterChain->run()
#13 /home/srv/dp2.ru/html/framework/web/CController.php(1144): CFilter->filter(Object(CFilterChain))
#14 /home/srv/dp2.ru/html/framework/web/filters/CInlineFilter.php(59): CController->filterAccessControl(Object(CFilterChain))
#15 /home/srv/dp2.ru/html/framework/web/filters/CFilterChain.php(131): CInlineFilter->filter(Object(CFilterChain))
#16 /home/srv/dp2.ru/html/framework/web/CController.php(283): CFilterChain->run()
#17 /home/srv/dp2.ru/html/framework/web/CController.php(257): CController->runActionWithFilters(Object(CInlineAction), Array)
#18 /home/srv/dp2.ru/html/framework/web/CWebApplication.php(277): CController->run('')
#19 /home/srv/dp2.ru/html/framework/web/CWebApplication.php(136): CWebApplication->runController('')
#20 /home/srv/dp2.ru/html/framework/base/CApplication.php(158): CWebApplication->processRequest()
#21 /home/srv/dp2.ru/html/demos/blog/index.php(11): CApplication->run()
#22 {main} REQUEST_URI=/demos/blog/
2011/10/23 14:17:41 [error] [exception.CDbException] could not find driver
2011/10/23 14:17:41 [error] [exception.CDbException] exception 'CDbException' with message 'CDbConnection failed to open the DB connection.' in /home/srv/dp2.ru/html/framework/db/CDbConnection.php:370
Stack trace:
#0 /home/srv/dp2.ru/html/framework/db/CDbConnection.php(313): CDbConnection->open()
#1 /home/srv/dp2.ru/html/framework/db/CDbConnection.php(291): CDbConnection->setActive(true)
#2 /home/srv/dp2.ru/html/framework/base/CModule.php(372): CDbConnection->init()
#3 /home/srv/dp2.ru/html/framework/base/CApplication.php(429): CModule->getComponent('db')
#4 /home/srv/dp2.ru/html/framework/db/ar/CActiveRecord.php(609): CApplication->getDb()
#5 /home/srv/dp2.ru/html/framework/db/ar/CActiveRecord.php(2275): CActiveRecord->getDbConnection()
#6 /home/srv/dp2.ru/html/framework/db/ar/CActiveRecord.php(372): CActiveRecordMetaData->__construct(Object(Post))
#7 /home/srv/dp2.ru/html/framework/web/CActiveDataProvider.php(72): CActiveRecord::model('Post')
#8 /home/srv/dp2.ru/html/demos/blog/protected/controllers/PostController.php(132): CActiveDataProvider->__construct('Post', Array)
#9 /home/srv/dp2.ru/html/framework/web/actions/CInlineAction.php(50): PostController->actionIndex()
#10 /home/srv/dp2.ru/html/framework/web/CController.php(300): CInlineAction->runWithParams(Array)
#11 /home/srv/dp2.ru/html/framework/web/filters/CFilterChain.php(134): CController->runAction(Object(CInlineAction))
#12 /home/srv/dp2.ru/html/framework/web/filters/CFilter.php(41): CFilterChain->run()
#13 /home/srv/dp2.ru/html/framework/web/CController.php(1144): CFilter->filter(Object(CFilterChain))
#14 /home/srv/dp2.ru/html/framework/web/filters/CInlineFilter.php(59): CController->filterAccessControl(Object(CFilterChain))
#15 /home/srv/dp2.ru/html/framework/web/filters/CFilterChain.php(131): CInlineFilter->filter(Object(CFilterChain))
#16 /home/srv/dp2.ru/html/framework/web/CController.php(283): CFilterChain->run()
#17 /home/srv/dp2.ru/html/framework/web/CController.php(257): CController->runActionWithFilters(Object(CInlineAction), Array)
#18 /home/srv/dp2.ru/html/framework/web/CWebApplication.php(277): CController->run('index')
#19 /home/srv/dp2.ru/html/framework/web/CWebApplication.php(136): CWebApplication->runController('post/index')
#20 /home/srv/dp2.ru/html/framework/base/CApplication.php(158): CWebApplication->processRequest()
#21 /home/srv/dp2.ru/html/demos/blog/index.php(11): CApplication->run()
#22 {main} REQUEST_URI=/demos/blog/index.php/post/index
